<?xml version="1.0" encoding="UTF-8"?>
<coverage generated="1777698320791" clover="3.2.0">
  <project timestamp="1777698320792" name="All files">
    <metrics statements="169" coveredstatements="160" conditionals="87" coveredconditionals="75" methods="55" coveredmethods="52" elements="311" coveredelements="287" complexity="0" loc="169" ncloc="169" packages="1" files="6" classes="6"/>
    <file name="course-offering.js" path="C:\Users\25052\OneDrive\Documents\Quinnipiac University Classwork\Quinnipiac Spring 26 Semester\SER330\Unit Testing\src\course-offering.js">
      <metrics statements="25" coveredstatements="25" conditionals="8" coveredconditionals="8" methods="6" coveredmethods="6"/>
      <line num="1" count="4" type="stmt"/>
      <line num="5" count="64" type="stmt"/>
      <line num="6" count="64" type="stmt"/>
      <line num="7" count="64" type="stmt"/>
      <line num="8" count="64" type="stmt"/>
      <line num="9" count="64" type="stmt"/>
      <line num="10" count="64" type="stmt"/>
      <line num="11" count="64" type="stmt"/>
      <line num="15" count="35" type="stmt"/>
      <line num="16" count="36" type="stmt"/>
      <line num="17" count="36" type="stmt"/>
      <line num="22" count="2" type="stmt"/>
      <line num="26" count="20" type="stmt"/>
      <line num="41" count="20" type="cond" truecount="4" falsecount="0"/>
      <line num="42" count="18" type="stmt"/>
      <line num="43" count="18" type="stmt"/>
      <line num="44" count="18" type="stmt"/>
      <line num="46" count="2" type="stmt"/>
      <line num="51" count="3" type="cond" truecount="2" falsecount="0"/>
      <line num="52" count="2" type="stmt"/>
      <line num="54" count="1" type="stmt"/>
      <line num="59" count="48" type="cond" truecount="2" falsecount="0"/>
      <line num="60" count="2" type="stmt"/>
      <line num="62" count="46" type="stmt"/>
      <line num="67" count="4" type="stmt"/>
    </file>
    <file name="course.js" path="C:\Users\25052\OneDrive\Documents\Quinnipiac University Classwork\Quinnipiac Spring 26 Semester\SER330\Unit Testing\src\course.js">
      <metrics statements="6" coveredstatements="6" conditionals="0" coveredconditionals="0" methods="2" coveredmethods="2"/>
      <line num="3" count="65" type="stmt"/>
      <line num="4" count="65" type="stmt"/>
      <line num="5" count="65" type="stmt"/>
      <line num="6" count="65" type="stmt"/>
      <line num="11" count="2" type="stmt"/>
      <line num="15" count="5" type="stmt"/>
    </file>
    <file name="institution.js" path="C:\Users\25052\OneDrive\Documents\Quinnipiac University Classwork\Quinnipiac Spring 26 Semester\SER330\Unit Testing\src\institution.js">
      <metrics statements="84" coveredstatements="76" conditionals="59" coveredconditionals="48" methods="22" coveredmethods="22"/>
      <line num="1" count="1" type="stmt"/>
      <line num="2" count="1" type="stmt"/>
      <line num="3" count="1" type="stmt"/>
      <line num="4" count="1" type="stmt"/>
      <line num="8" count="26" type="stmt"/>
      <line num="9" count="26" type="stmt"/>
      <line num="10" count="26" type="stmt"/>
      <line num="11" count="26" type="stmt"/>
      <line num="12" count="26" type="stmt"/>
      <line num="13" count="26" type="stmt"/>
      <line num="17" count="1" type="stmt"/>
      <line num="19" count="2" type="stmt"/>
      <line num="20" count="1" type="stmt"/>
      <line num="22" count="2" type="stmt"/>
      <line num="24" count="1" type="stmt"/>
      <line num="28" count="3" type="cond" truecount="1" falsecount="1"/>
      <line num="29" count="3" type="cond" truecount="1" falsecount="1"/>
      <line num="30" count="0" type="stmt"/>
      <line num="32" count="3" type="stmt"/>
      <line num="35" count="0" type="stmt"/>
      <line num="40" count="2" type="stmt"/>
      <line num="41" count="2" type="cond" truecount="6" falsecount="1"/>
      <line num="42" count="2" type="cond" truecount="1" falsecount="1"/>
      <line num="43" count="2" type="cond" truecount="2" falsecount="0"/>
      <line num="44" count="1" type="stmt"/>
      <line num="46" count="1" type="stmt"/>
      <line num="54" count="1" type="stmt"/>
      <line num="55" count="2" type="stmt"/>
      <line num="56" count="1" type="stmt"/>
      <line num="57" count="2" type="stmt"/>
      <line num="58" count="1" type="stmt"/>
      <line num="62" count="5" type="cond" truecount="2" falsecount="0"/>
      <line num="63" count="3" type="cond" truecount="1" falsecount="1"/>
      <line num="64" count="0" type="stmt"/>
      <line num="66" count="3" type="stmt"/>
      <line num="69" count="2" type="stmt"/>
      <line num="74" count="3" type="stmt"/>
      <line num="75" count="3" type="cond" truecount="7" falsecount="0"/>
      <line num="76" count="2" type="cond" truecount="2" falsecount="0"/>
      <line num="77" count="1" type="stmt"/>
      <line num="79" count="1" type="stmt"/>
      <line num="80" count="1" type="stmt"/>
      <line num="81" count="1" type="stmt"/>
      <line num="84" count="1" type="stmt"/>
      <line num="90" count="1" type="stmt"/>
      <line num="91" count="1" type="stmt"/>
      <line num="92" count="1" type="stmt"/>
      <line num="94" count="1" type="stmt"/>
      <line num="98" count="3" type="cond" truecount="2" falsecount="0"/>
      <line num="99" count="2" type="stmt"/>
      <line num="100" count="2" type="stmt"/>
      <line num="101" count="2" type="stmt"/>
      <line num="102" count="4" type="cond" truecount="3" falsecount="0"/>
      <line num="103" count="2" type="stmt"/>
      <line num="105" count="2" type="cond" truecount="2" falsecount="0"/>
      <line num="106" count="1" type="stmt"/>
      <line num="108" count="1" type="stmt"/>
      <line num="111" count="1" type="stmt"/>
      <line num="112" count="1" type="stmt"/>
      <line num="113" count="1" type="cond" truecount="1" falsecount="1"/>
      <line num="114" count="1" type="stmt"/>
      <line num="115" count="2" type="cond" truecount="2" falsecount="0"/>
      <line num="116" count="1" type="stmt"/>
      <line num="118" count="1" type="cond" truecount="1" falsecount="1"/>
      <line num="119" count="1" type="stmt"/>
      <line num="121" count="0" type="stmt"/>
      <line num="124" count="0" type="stmt"/>
      <line num="130" count="1" type="stmt"/>
      <line num="131" count="1" type="cond" truecount="6" falsecount="1"/>
      <line num="132" count="1" type="stmt"/>
      <line num="133" count="1" type="stmt"/>
      <line num="134" count="1" type="stmt"/>
      <line num="141" count="15" type="cond" truecount="1" falsecount="1"/>
      <line num="142" count="15" type="cond" truecount="2" falsecount="0"/>
      <line num="143" count="1" type="stmt"/>
      <line num="145" count="14" type="stmt"/>
      <line num="148" count="0" type="stmt"/>
      <line num="153" count="15" type="cond" truecount="1" falsecount="1"/>
      <line num="154" count="15" type="cond" truecount="1" falsecount="1"/>
      <line num="155" count="15" type="cond" truecount="2" falsecount="0"/>
      <line num="156" count="15" type="stmt"/>
      <line num="158" count="0" type="stmt"/>
      <line num="161" count="0" type="stmt"/>
      <line num="166" count="1" type="stmt"/>
    </file>
    <file name="instructor.js" path="C:\Users\25052\OneDrive\Documents\Quinnipiac University Classwork\Quinnipiac Spring 26 Semester\SER330\Unit Testing\src\instructor.js">
      <metrics statements="19" coveredstatements="19" conditionals="12" coveredconditionals="12" methods="14" coveredmethods="11"/>
      <line num="1" count="3" type="stmt"/>
      <line num="5" count="25" type="stmt"/>
      <line num="7" count="25" type="stmt"/>
      <line num="11" count="7" type="cond" truecount="4" falsecount="0"/>
      <line num="12" count="2" type="cond" truecount="2" falsecount="0"/>
      <line num="13" count="1" type="stmt"/>
      <line num="14" count="1" type="stmt"/>
      <line num="15" count="6" type="cond" truecount="2" falsecount="0"/>
      <line num="16" count="4" type="stmt"/>
      <line num="17" count="2" type="stmt"/>
      <line num="18" count="2" type="stmt"/>
      <line num="19" count="4" type="cond" truecount="2" falsecount="0"/>
      <line num="20" count="4" type="stmt"/>
      <line num="21" count="2" type="stmt"/>
      <line num="22" count="2" type="stmt"/>
      <line num="24" count="2" type="stmt"/>
      <line num="25" count="4" type="stmt"/>
      <line num="30" count="4" type="stmt"/>
      <line num="37" count="3" type="stmt"/>
    </file>
    <file name="person.js" path="C:\Users\25052\OneDrive\Documents\Quinnipiac University Classwork\Quinnipiac Spring 26 Semester\SER330\Unit Testing\src\person.js">
      <metrics statements="9" coveredstatements="9" conditionals="0" coveredconditionals="0" methods="3" coveredmethods="3"/>
      <line num="3" count="110" type="stmt"/>
      <line num="4" count="110" type="stmt"/>
      <line num="5" count="110" type="stmt"/>
      <line num="6" count="110" type="stmt"/>
      <line num="7" count="110" type="stmt"/>
      <line num="8" count="110" type="stmt"/>
      <line num="12" count="13" type="stmt"/>
      <line num="16" count="4" type="stmt"/>
      <line num="24" count="5" type="stmt"/>
    </file>
    <file name="student.js" path="C:\Users\25052\OneDrive\Documents\Quinnipiac University Classwork\Quinnipiac Spring 26 Semester\SER330\Unit Testing\src\student.js">
      <metrics statements="26" coveredstatements="25" conditionals="8" coveredconditionals="7" methods="8" coveredmethods="8"/>
      <line num="1" count="4" type="stmt"/>
      <line num="3" count="4" type="stmt"/>
      <line num="21" count="68" type="stmt"/>
      <line num="22" count="68" type="stmt"/>
      <line num="23" count="68" type="stmt"/>
      <line num="27" count="7" type="cond" truecount="2" falsecount="0"/>
      <line num="28" count="6" type="stmt"/>
      <line num="33" count="2" type="stmt"/>
      <line num="37" count="3" type="stmt"/>
      <line num="38" count="1" type="stmt"/>
      <line num="39" count="1" type="cond" truecount="1" falsecount="1"/>
      <line num="40" count="0" type="stmt"/>
      <line num="45" count="12" type="stmt"/>
      <line num="46" count="12" type="stmt"/>
      <line num="47" count="3" type="stmt"/>
      <line num="49" count="12" type="stmt"/>
      <line num="53" count="14" type="stmt"/>
      <line num="54" count="14" type="stmt"/>
      <line num="57" count="14" type="stmt"/>
      <line num="58" count="6" type="stmt"/>
      <line num="59" count="6" type="cond" truecount="2" falsecount="0"/>
      <line num="60" count="4" type="stmt"/>
      <line num="61" count="4" type="stmt"/>
      <line num="65" count="14" type="cond" truecount="2" falsecount="0"/>
      <line num="69" count="9" type="stmt"/>
      <line num="102" count="4" type="stmt"/>
    </file>
  </project>
</coverage>
