TN:
SF:src\course-offering.js
FN:4,(anonymous_0)
FN:14,(anonymous_1)
FN:21,(anonymous_2)
FN:25,(anonymous_3)
FN:50,(anonymous_4)
FN:58,(anonymous_5)
FNF:6
FNH:6
FNDA:55,(anonymous_0)
FNDA:26,(anonymous_1)
FNDA:2,(anonymous_2)
FNDA:20,(anonymous_3)
FNDA:3,(anonymous_4)
FNDA:32,(anonymous_5)
DA:1,4
DA:5,55
DA:6,55
DA:7,55
DA:8,55
DA:9,55
DA:10,55
DA:11,55
DA:15,26
DA:16,27
DA:17,27
DA:22,2
DA:26,20
DA:41,20
DA:42,18
DA:43,18
DA:44,18
DA:46,2
DA:51,3
DA:52,2
DA:54,1
DA:59,32
DA:60,2
DA:62,30
DA:67,4
LF:25
LH:25
BRDA:41,0,0,18
BRDA:41,0,1,2
BRDA:41,1,0,20
BRDA:41,1,1,19
BRDA:51,2,0,2
BRDA:51,2,1,1
BRDA:59,3,0,2
BRDA:59,3,1,30
BRF:8
BRH:8
end_of_record
TN:
SF:src\course.js
FN:2,(anonymous_0)
FN:9,(anonymous_1)
FNF:2
FNH:2
FNDA:56,(anonymous_0)
FNDA:2,(anonymous_1)
DA:3,56
DA:4,56
DA:5,56
DA:6,56
DA:11,2
DA:15,5
LF:6
LH:6
BRF:0
BRH:0
end_of_record
TN:
SF:src\institution.js
FN:7,(anonymous_0)
FN:16,(anonymous_1)
FN:19,(anonymous_2)
FN:22,(anonymous_3)
FN:27,(anonymous_4)
FN:39,(anonymous_5)
FN:53,(anonymous_6)
FN:55,(anonymous_7)
FN:57,(anonymous_8)
FN:61,(anonymous_9)
FN:73,(anonymous_10)
FN:89,(anonymous_11)
FN:97,(anonymous_12)
FN:102,(anonymous_13)
FN:103,(anonymous_14)
FN:106,(anonymous_15)
FN:115,(anonymous_16)
FN:116,(anonymous_17)
FN:119,(anonymous_18)
FN:129,(anonymous_19)
FN:140,(anonymous_20)
FN:152,(anonymous_21)
FNF:22
FNH:22
FNDA:26,(anonymous_0)
FNDA:1,(anonymous_1)
FNDA:2,(anonymous_2)
FNDA:2,(anonymous_3)
FNDA:3,(anonymous_4)
FNDA:2,(anonymous_5)
FNDA:1,(anonymous_6)
FNDA:2,(anonymous_7)
FNDA:2,(anonymous_8)
FNDA:5,(anonymous_9)
FNDA:3,(anonymous_10)
FNDA:1,(anonymous_11)
FNDA:3,(anonymous_12)
FNDA:4,(anonymous_13)
FNDA:1,(anonymous_14)
FNDA:1,(anonymous_15)
FNDA:2,(anonymous_16)
FNDA:1,(anonymous_17)
FNDA:1,(anonymous_18)
FNDA:1,(anonymous_19)
FNDA:15,(anonymous_20)
FNDA:15,(anonymous_21)
DA:1,1
DA:2,1
DA:3,1
DA:4,1
DA:8,26
DA:9,26
DA:10,26
DA:11,26
DA:12,26
DA:13,26
DA:17,1
DA:19,2
DA:20,1
DA:22,2
DA:24,1
DA:28,3
DA:29,3
DA:30,0
DA:32,3
DA:35,0
DA:40,2
DA:41,2
DA:42,2
DA:43,2
DA:44,1
DA:46,1
DA:54,1
DA:55,2
DA:56,1
DA:57,2
DA:58,1
DA:62,5
DA:63,3
DA:64,0
DA:66,3
DA:69,2
DA:74,3
DA:75,3
DA:76,2
DA:77,1
DA:79,1
DA:80,1
DA:81,1
DA:84,1
DA:90,1
DA:91,1
DA:92,1
DA:94,1
DA:98,3
DA:99,2
DA:100,2
DA:101,2
DA:102,4
DA:103,2
DA:105,2
DA:106,1
DA:108,1
DA:111,1
DA:112,1
DA:113,1
DA:114,1
DA:115,2
DA:116,1
DA:118,1
DA:119,1
DA:121,0
DA:124,0
DA:130,1
DA:131,1
DA:132,1
DA:133,1
DA:134,1
DA:141,15
DA:142,15
DA:143,1
DA:145,14
DA:148,0
DA:153,15
DA:154,15
DA:155,15
DA:156,15
DA:158,0
DA:161,0
DA:166,1
LF:84
LH:76
BRDA:28,0,0,3
BRDA:28,0,1,0
BRDA:29,1,0,0
BRDA:29,1,1,3
BRDA:41,2,0,2
BRDA:41,2,1,0
BRDA:41,3,0,2
BRDA:41,3,1,2
BRDA:41,3,2,2
BRDA:41,3,3,2
BRDA:41,3,4,2
BRDA:42,4,0,2
BRDA:42,4,1,0
BRDA:43,5,0,1
BRDA:43,5,1,1
BRDA:62,6,0,3
BRDA:62,6,1,2
BRDA:63,7,0,0
BRDA:63,7,1,3
BRDA:75,8,0,2
BRDA:75,8,1,1
BRDA:75,9,0,3
BRDA:75,9,1,3
BRDA:75,9,2,3
BRDA:75,9,3,2
BRDA:75,9,4,2
BRDA:76,10,0,1
BRDA:76,10,1,1
BRDA:97,11,0,1
BRDA:98,12,0,2
BRDA:98,12,1,1
BRDA:102,13,0,4
BRDA:102,13,1,1
BRDA:102,13,2,1
BRDA:105,14,0,1
BRDA:105,14,1,1
BRDA:113,15,0,1
BRDA:113,15,1,0
BRDA:115,16,0,2
BRDA:115,16,1,1
BRDA:118,17,0,1
BRDA:118,17,1,0
BRDA:131,18,0,1
BRDA:131,18,1,0
BRDA:131,19,0,1
BRDA:131,19,1,1
BRDA:131,19,2,1
BRDA:131,19,3,1
BRDA:131,19,4,1
BRDA:141,20,0,15
BRDA:141,20,1,0
BRDA:142,21,0,1
BRDA:142,21,1,14
BRDA:153,22,0,15
BRDA:153,22,1,0
BRDA:154,23,0,15
BRDA:154,23,1,0
BRDA:155,24,0,15
BRDA:155,24,1,11
BRF:59
BRH:48
end_of_record
TN:
SF:src\instructor.js
FN:4,(anonymous_0)
FN:10,(anonymous_1)
FN:12,(anonymous_2)
FN:13,(anonymous_3)
FN:14,(anonymous_4)
FN:16,(anonymous_5)
FN:17,(anonymous_6)
FN:18,(anonymous_7)
FN:20,(anonymous_8)
FN:21,(anonymous_9)
FN:22,(anonymous_10)
FN:24,(anonymous_11)
FN:25,(anonymous_12)
FN:29,(anonymous_13)
FNF:14
FNH:11
FNDA:25,(anonymous_0)
FNDA:7,(anonymous_1)
FNDA:2,(anonymous_2)
FNDA:0,(anonymous_3)
FNDA:1,(anonymous_4)
FNDA:4,(anonymous_5)
FNDA:0,(anonymous_6)
FNDA:1,(anonymous_7)
FNDA:4,(anonymous_8)
FNDA:0,(anonymous_9)
FNDA:1,(anonymous_10)
FNDA:2,(anonymous_11)
FNDA:4,(anonymous_12)
FNDA:4,(anonymous_13)
DA:1,3
DA:5,25
DA:7,25
DA:11,7
DA:12,2
DA:13,1
DA:14,1
DA:15,6
DA:16,4
DA:17,2
DA:18,2
DA:19,4
DA:20,4
DA:21,2
DA:22,2
DA:24,2
DA:25,4
DA:30,4
DA:37,3
LF:19
LH:19
BRDA:10,0,0,2
BRDA:10,1,0,4
BRDA:11,2,0,1
BRDA:11,2,1,6
BRDA:11,3,0,7
BRDA:11,3,1,3
BRDA:12,4,0,2
BRDA:12,4,1,1
BRDA:15,5,0,2
BRDA:15,5,1,4
BRDA:19,6,0,2
BRDA:19,6,1,2
BRF:12
BRH:12
end_of_record
TN:
SF:src\person.js
FN:2,(anonymous_0)
FN:11,(anonymous_1)
FN:15,(anonymous_2)
FNF:3
FNH:3
FNDA:103,(anonymous_0)
FNDA:13,(anonymous_1)
FNDA:4,(anonymous_2)
DA:3,103
DA:4,103
DA:5,103
DA:6,103
DA:7,103
DA:8,103
DA:12,13
DA:16,4
DA:24,5
LF:9
LH:9
BRF:0
BRH:0
end_of_record
TN:
SF:src\student.js
FN:4,(anonymous_0)
FN:10,(anonymous_1)
FN:12,(anonymous_2)
FN:20,(anonymous_3)
FN:28,(anonymous_4)
FN:59,(anonymous_5)
FNF:6
FNH:6
FNDA:61,(anonymous_0)
FNDA:3,(anonymous_1)
FNDA:1,(anonymous_2)
FNDA:12,(anonymous_3)
FNDA:11,(anonymous_4)
FNDA:9,(anonymous_5)
DA:1,4
DA:5,61
DA:6,61
DA:7,61
DA:11,3
DA:13,1
DA:14,1
DA:15,0
DA:17,3
DA:21,12
DA:22,12
DA:23,3
DA:25,12
DA:29,11
DA:30,11
DA:32,11
DA:48,11
DA:49,1
DA:50,0
DA:51,0
DA:55,11
DA:56,11
DA:60,9
DA:70,4
LF:24
LH:21
BRDA:14,0,0,1
BRDA:14,0,1,0
BRDA:49,1,0,0
BRDA:49,1,1,1
BRDA:55,2,0,11
BRDA:55,2,1,0
BRF:6
BRH:3
end_of_record
